0 info it worked if it ends with ok
1 verbose cli [ '/usr/bin/node',
1 verbose cli   '/usr/bin/npm',
1 verbose cli   'install',
1 verbose cli   '-g',
1 verbose cli   'coffee-script' ]
2 info using npm@1.4.28
3 info using node@v0.10.33
4 verbose node symlink /usr/bin/node
5 verbose cache add [ 'coffee-script', null ]
6 verbose cache add name=undefined spec="coffee-script" args=["coffee-script",null]
7 verbose parsed url { protocol: null,
7 verbose parsed url   slashes: null,
7 verbose parsed url   auth: null,
7 verbose parsed url   host: null,
7 verbose parsed url   port: null,
7 verbose parsed url   hostname: null,
7 verbose parsed url   hash: null,
7 verbose parsed url   search: null,
7 verbose parsed url   query: null,
7 verbose parsed url   pathname: 'coffee-script',
7 verbose parsed url   path: 'coffee-script',
7 verbose parsed url   href: 'coffee-script' }
8 silly lockFile ab358269-coffee-script coffee-script
9 verbose lock coffee-script /home/workspace/.npm/ab358269-coffee-script.lock
10 silly lockFile ab358269-coffee-script coffee-script
11 silly lockFile ab358269-coffee-script coffee-script
12 verbose addNamed [ 'coffee-script', '' ]
13 verbose addNamed [ null, '*' ]
14 silly lockFile 53951495-coffee-script coffee-script@
15 verbose lock coffee-script@ /home/workspace/.npm/53951495-coffee-script.lock
16 silly addNameRange { name: 'coffee-script', range: '*', hasData: false }
17 verbose request where is /coffee-script
18 verbose request registry https://registry.npmjs.org/
19 verbose request id 1ecd59e299f33190
20 verbose url raw /coffee-script
21 verbose url resolving [ 'https://registry.npmjs.org/', './coffee-script' ]
22 verbose url resolved https://registry.npmjs.org/coffee-script
23 verbose request where is https://registry.npmjs.org/coffee-script
24 info trying registry request attempt 1 at 20:49:49
25 verbose etag "93JD5MR4J9KVMN2215QY2V9J9"
26 http GET https://registry.npmjs.org/coffee-script
27 http 304 https://registry.npmjs.org/coffee-script
28 silly registry.get cb [ 304,
28 silly registry.get   { date: 'Sat, 24 Jan 2015 15:19:49 GMT',
28 silly registry.get     server: 'Apache',
28 silly registry.get     via: '1.1 varnish',
28 silly registry.get     'last-modified': 'Sat, 24 Jan 2015 15:19:24 GMT',
28 silly registry.get     'cache-control': 'max-age=60',
28 silly registry.get     etag: '"93JD5MR4J9KVMN2215QY2V9J9"',
28 silly registry.get     age: '26',
28 silly registry.get     'x-served-by': 'cache-sn86-SIN',
28 silly registry.get     'x-cache': 'HIT',
28 silly registry.get     'x-cache-hits': '7',
28 silly registry.get     'x-timer': 'S1422112789.953787,VS0,VE0',
28 silly registry.get     vary: 'Accept',
28 silly registry.get     'content-length': '0',
28 silly registry.get     'keep-alive': 'timeout=10, max=50',
28 silly registry.get     connection: 'Keep-Alive' } ]
29 verbose etag https://registry.npmjs.org/coffee-script from cache
30 silly addNameRange number 2 { name: 'coffee-script', range: '*', hasData: true }
31 silly addNameRange versions [ 'coffee-script',
31 silly addNameRange   [ '0.7.0',
31 silly addNameRange     '0.7.1',
31 silly addNameRange     '0.7.2',
31 silly addNameRange     '0.9.0',
31 silly addNameRange     '0.9.1',
31 silly addNameRange     '0.9.2',
31 silly addNameRange     '0.9.3',
31 silly addNameRange     '0.9.4',
31 silly addNameRange     '0.9.5',
31 silly addNameRange     '0.9.6',
31 silly addNameRange     '1.0.0',
31 silly addNameRange     '1.0.1',
31 silly addNameRange     '1.1.0',
31 silly addNameRange     '1.1.1',
31 silly addNameRange     '1.1.2',
31 silly addNameRange     '1.1.3',
31 silly addNameRange     '1.2.0',
31 silly addNameRange     '1.3.0',
31 silly addNameRange     '1.3.1',
31 silly addNameRange     '1.3.2',
31 silly addNameRange     '1.3.3',
31 silly addNameRange     '1.4.0',
31 silly addNameRange     '1.5.0',
31 silly addNameRange     '1.6.0',
31 silly addNameRange     '1.6.1',
31 silly addNameRange     '1.6.2',
31 silly addNameRange     '1.6.3',
31 silly addNameRange     '1.7.0',
31 silly addNameRange     '1.7.1',
31 silly addNameRange     '1.8.0' ] ]
32 verbose addNamed [ 'coffee-script', '1.8.0' ]
33 verbose addNamed [ '1.8.0', '1.8.0' ]
34 silly lockFile d0d79082-coffee-script-1-8-0 coffee-script@1.8.0
35 verbose lock coffee-script@1.8.0 /home/workspace/.npm/d0d79082-coffee-script-1-8-0.lock
36 silly lockFile d0d79082-coffee-script-1-8-0 coffee-script@1.8.0
37 silly lockFile d0d79082-coffee-script-1-8-0 coffee-script@1.8.0
38 silly lockFile 53951495-coffee-script coffee-script@
39 silly lockFile 53951495-coffee-script coffee-script@
40 silly resolved [ { name: 'coffee-script',
40 silly resolved     description: 'Unfancy JavaScript',
40 silly resolved     keywords: [ 'javascript', 'language', 'coffeescript', 'compiler' ],
40 silly resolved     author: { name: 'Jeremy Ashkenas' },
40 silly resolved     version: '1.8.0',
40 silly resolved     license: 'MIT',
40 silly resolved     engines: { node: '>=0.8.0' },
40 silly resolved     directories: { lib: './lib/coffee-script' },
40 silly resolved     main: './lib/coffee-script/coffee-script',
40 silly resolved     bin: { coffee: './bin/coffee', cake: './bin/cake' },
40 silly resolved     preferGlobal: true,
40 silly resolved     scripts: { test: 'node ./bin/cake test' },
40 silly resolved     homepage: 'http://coffeescript.org',
40 silly resolved     bugs: { url: 'https://github.com/jashkenas/coffeescript/issues' },
40 silly resolved     repository:
40 silly resolved      { type: 'git',
40 silly resolved        url: 'git://github.com/jashkenas/coffeescript.git' },
40 silly resolved     devDependencies:
40 silly resolved      { 'uglify-js': '~2.2',
40 silly resolved        jison: '>=0.2.0',
40 silly resolved        'highlight.js': '~8.0.0',
40 silly resolved        underscore: '~1.5.2',
40 silly resolved        docco: '~0.6.2' },
40 silly resolved     dependencies: { mkdirp: '~0.3.5' },
40 silly resolved     _id: 'coffee-script@1.8.0',
40 silly resolved     dist:
40 silly resolved      { shasum: '9c9f1d2b4a52a000ded15b659791703648263c1d',
40 silly resolved        tarball: 'http://registry.npmjs.org/coffee-script/-/coffee-script-1.8.0.tgz' },
40 silly resolved     _from: 'coffee-script@',
40 silly resolved     _npmVersion: '1.3.21',
40 silly resolved     _npmUser: { name: 'jashkenas', email: 'jashkenas@gmail.com' },
40 silly resolved     maintainers: [ [Object], [Object] ],
40 silly resolved     _shasum: '9c9f1d2b4a52a000ded15b659791703648263c1d',
40 silly resolved     _resolved: 'https://registry.npmjs.org/coffee-script/-/coffee-script-1.8.0.tgz',
40 silly resolved     readme: 'ERROR: No README data found!' } ]
41 info install coffee-script@1.8.0 into /usr/lib
42 info installOne coffee-script@1.8.0
43 verbose lib/node_modules/coffee-script unbuild
44 verbose tar unpack /home/workspace/.npm/coffee-script/1.8.0/package.tgz
45 silly lockFile ac7c323f-r-lib-node-modules-coffee-script tar:///usr/lib/node_modules/coffee-script
46 verbose lock tar:///usr/lib/node_modules/coffee-script /home/workspace/.npm/ac7c323f-r-lib-node-modules-coffee-script.lock
47 silly lockFile f905807a--coffee-script-1-8-0-package-tgz tar:///home/workspace/.npm/coffee-script/1.8.0/package.tgz
48 verbose lock tar:///home/workspace/.npm/coffee-script/1.8.0/package.tgz /home/workspace/.npm/f905807a--coffee-script-1-8-0-package-tgz.lock
49 silly gunzTarPerm modes [ '775', '664' ]
50 error Error: EACCES, mkdir '/usr/lib/node_modules/coffee-script'
50 error  { [Error: EACCES, mkdir '/usr/lib/node_modules/coffee-script']
50 error   errno: 3,
50 error   code: 'EACCES',
50 error   path: '/usr/lib/node_modules/coffee-script',
50 error   fstream_type: 'Directory',
50 error   fstream_path: '/usr/lib/node_modules/coffee-script',
50 error   fstream_class: 'DirWriter',
50 error   fstream_stack:
50 error    [ '/usr/lib/node_modules/npm/node_modules/fstream/lib/dir-writer.js:36:23',
50 error      '/usr/lib/node_modules/npm/node_modules/mkdirp/index.js:46:53',
50 error      'Object.oncomplete (fs.js:107:15)' ] }
51 error Please try running this command again as root/Administrator.
52 error System Linux 3.13.0-43-generic
53 error command "/usr/bin/node" "/usr/bin/npm" "install" "-g" "coffee-script"
54 error cwd /opt/lampp/htdocs/codzoc/css
55 error node -v v0.10.33
56 error npm -v 1.4.28
57 error path /usr/lib/node_modules/coffee-script
58 error fstream_path /usr/lib/node_modules/coffee-script
59 error fstream_type Directory
60 error fstream_class DirWriter
61 error code EACCES
62 error errno 3
63 error stack Error: EACCES, mkdir '/usr/lib/node_modules/coffee-script'
64 error fstream_stack /usr/lib/node_modules/npm/node_modules/fstream/lib/dir-writer.js:36:23
64 error fstream_stack /usr/lib/node_modules/npm/node_modules/mkdirp/index.js:46:53
64 error fstream_stack Object.oncomplete (fs.js:107:15)
65 verbose exit [ 3, true ]
